<?xml version="1.0" encoding="UTF-8"?>
<testng-results ignored="0" total="1" passed="1" failed="0" skipped="0">
  <reporter-output>
  </reporter-output>
  <suite started-at="2022-11-27T18:29:31Z" name="Default suite" finished-at="2022-11-27T18:29:33Z" duration-ms="2199">
    <groups>
    </groups>
    <test started-at="2022-11-27T18:29:31Z" name="Default test" finished-at="2022-11-27T18:29:33Z" duration-ms="2199">
      <class name="IBM.ProjectAssisment.datafromjsonfile">
        <test-method signature="POST()[pri:0, instance:IBM.ProjectAssisment.datafromjsonfile@258d79be]" started-at="2022-11-27T18:29:31Z" name="POST" finished-at="2022-11-27T18:29:33Z" duration-ms="2163" status="PASS">
          <reporter-output>
          </reporter-output>
        </test-method> <!-- POST -->
      </class> <!-- IBM.ProjectAssisment.datafromjsonfile -->
    </test> <!-- Default test -->
  </suite> <!-- Default suite -->
</testng-results>
